none-None-NoneType
agents-Player1-Player
status-Player1-alive
mobs-Zombie718423595155254078590725902231918273-Zombie
status-Zombie718423595155254078590725902231918273-alive
mobs-Zombie659708955190854992586205987780009253-Zombie
status-Zombie659708955190854992586205987780009253-alive
mobs-Zombie787195625145754080593775721937095802-Zombie
status-Zombie787195625145754080593775721937095802-alive
looking_at-Player1-None
at-Player1-None
closest_hostile_mob-Player1-Zombie787195625145754080593775721937095802
agents-Companion1-Companion
status-Companion1-alive
looking_at-Companion1-None
at-Companion1-None
START

!LOOKAT-Companion1-None-Zombie787195625145754080593775721937095802
looking_at-Companion1-Zombie787195625145754080593775721937095802

looking_at-Companion1-Zombie787195625145754080593775721937095802
!MOVETO-Companion1-None-Zombie787195625145754080593775721937095802
at-Companion1-Zombie787195625145754080593775721937095802

looking_at-Companion1-Zombie787195625145754080593775721937095802
at-Companion1-Zombie787195625145754080593775721937095802
!ATTACK-Companion1-Zombie787195625145754080593775721937095802

looking_at-Companion1-Zombie787195625145754080593775721937095802
at-Companion1-Zombie787195625145754080593775721937095802
!ATTACK-Companion1-Zombie787195625145754080593775721937095802

looking_at-Companion1-Zombie787195625145754080593775721937095802
at-Companion1-Zombie787195625145754080593775721937095802
!ATTACK-Companion1-Zombie787195625145754080593775721937095802

closest_hostile_mob-Player1-Zombie659708955190854992586205987780009253

!LOOKAT-Companion1-Zombie787195625145754080593775721937095802-Zombie659708955190854992586205987780009253
looking_at-Companion1-Zombie659708955190854992586205987780009253

looking_at-Companion1-Zombie659708955190854992586205987780009253
!MOVETO-Companion1-Zombie787195625145754080593775721937095802-Zombie659708955190854992586205987780009253
at-Companion1-Zombie659708955190854992586205987780009253

looking_at-Companion1-Zombie659708955190854992586205987780009253
at-Companion1-Zombie659708955190854992586205987780009253
!ATTACK-Companion1-Zombie659708955190854992586205987780009253

closest_hostile_mob-Player1-Zombie787195625145754080593775721937095802

!LOOKAT-Companion1-Zombie659708955190854992586205987780009253-Zombie787195625145754080593775721937095802
closest_hostile_mob-Player1-Zombie659708955190854992586205987780009253

!LOOKAT-Companion1-Zombie659708955190854992586205987780009253-Zombie659708955190854992586205987780009253
looking_at-Companion1-Zombie659708955190854992586205987780009253

looking_at-Companion1-Zombie659708955190854992586205987780009253
at-Companion1-Zombie659708955190854992586205987780009253
!ATTACK-Companion1-Zombie659708955190854992586205987780009253

closest_hostile_mob-Player1-Zombie718423595155254078590725902231918273

!LOOKAT-Companion1-Zombie659708955190854992586205987780009253-Zombie718423595155254078590725902231918273
looking_at-Companion1-Zombie718423595155254078590725902231918273

looking_at-Companion1-Zombie718423595155254078590725902231918273
!MOVETO-Companion1-Zombie659708955190854992586205987780009253-Zombie718423595155254078590725902231918273
closest_hostile_mob-Player1-Zombie659708955190854992586205987780009253

!LOOKAT-Companion1-Zombie718423595155254078590725902231918273-Zombie659708955190854992586205987780009253
looking_at-Companion1-Zombie659708955190854992586205987780009253

looking_at-Companion1-Zombie659708955190854992586205987780009253
!MOVETO-Companion1-Zombie659708955190854992586205987780009253-Zombie659708955190854992586205987780009253
at-Companion1-Zombie659708955190854992586205987780009253

looking_at-Companion1-Zombie659708955190854992586205987780009253
at-Companion1-Zombie659708955190854992586205987780009253
!ATTACK-Companion1-Zombie659708955190854992586205987780009253

looking_at-Companion1-Zombie659708955190854992586205987780009253
at-Companion1-Zombie659708955190854992586205987780009253
!ATTACK-Companion1-Zombie659708955190854992586205987780009253

looking_at-Companion1-Zombie659708955190854992586205987780009253
at-Companion1-Zombie659708955190854992586205987780009253
!ATTACK-Companion1-Zombie659708955190854992586205987780009253

looking_at-Companion1-Zombie659708955190854992586205987780009253
at-Companion1-Zombie659708955190854992586205987780009253
!ATTACK-Companion1-Zombie659708955190854992586205987780009253
status-Zombie659708955190854992586205987780009253-dead
items-diamond_sword1-diamond_sword
at-diamond_sword1-None
items-diamond_boots2-diamond_boots
at-diamond_boots2-None
items-diamond_leggings3-diamond_leggings
at-diamond_leggings3-None
items-diamond_chestplate4-diamond_chestplate
at-diamond_chestplate4-None
items-diamond_helmet5-diamond_helmet
at-diamond_helmet5-None

at-diamond_sword1-None
!PICKUPITEM-Companion1-diamond_sword1
at-diamond_sword1-Companion1

at-diamond_boots2-None
!PICKUPITEM-Companion1-diamond_boots2
at-diamond_boots2-Companion1

at-diamond_leggings3-None
!PICKUPITEM-Companion1-diamond_leggings3
at-diamond_leggings3-Companion1

at-diamond_chestplate4-None
!PICKUPITEM-Companion1-diamond_chestplate4
at-diamond_chestplate4-Companion1

at-diamond_helmet5-None
!PICKUPITEM-Companion1-diamond_helmet5
at-diamond_helmet5-Companion1

at-diamond_sword1-Companion1
!EQUIP-Companion1-diamond_sword1
equipped_item-Companion1-diamond_sword1

closest_hostile_mob-Player1-Zombie718423595155254078590725902231918273

!LOOKAT-Companion1-Zombie659708955190854992586205987780009253-Zombie718423595155254078590725902231918273
looking_at-Companion1-Zombie718423595155254078590725902231918273

looking_at-Companion1-Zombie718423595155254078590725902231918273
!MOVETO-Companion1-Zombie659708955190854992586205987780009253-Zombie718423595155254078590725902231918273
at-Companion1-Zombie718423595155254078590725902231918273

looking_at-Companion1-Zombie718423595155254078590725902231918273
at-Companion1-Zombie718423595155254078590725902231918273
!ATTACK-Companion1-Zombie718423595155254078590725902231918273

looking_at-Companion1-Zombie718423595155254078590725902231918273
at-Companion1-Zombie718423595155254078590725902231918273
!ATTACK-Companion1-Zombie718423595155254078590725902231918273
status-Zombie718423595155254078590725902231918273-dead
items-rotten_flesh6-rotten_flesh
at-rotten_flesh618924925085554909571715281876030823-None

looking_at-Companion1-Zombie718423595155254078590725902231918273
at-Companion1-Zombie718423595155254078590725902231918273
!ATTACK-Companion1-Zombie718423595155254078590725902231918273

looking_at-Companion1-Zombie718423595155254078590725902231918273
at-Companion1-Zombie718423595155254078590725902231918273
!ATTACK-Companion1-Zombie718423595155254078590725902231918273

looking_at-Companion1-Zombie718423595155254078590725902231918273
at-Companion1-Zombie718423595155254078590725902231918273
!ATTACK-Companion1-Zombie718423595155254078590725902231918273
status-Zombie718423595155254078590725902231918273-dead
at-rotten_flesh6-None
items-rotten_flesh7-rotten_flesh
at-rotten_flesh7-None
items-potato8-potato
at-potato8-None

at-rotten_flesh6-None
!PICKUPITEM-Companion1-rotten_flesh6
at-rotten_flesh6-Companion1

at-rotten_flesh7-None
!PICKUPITEM-Companion1-rotten_flesh7
at-rotten_flesh7-Companion1

at-potato8-None
!PICKUPITEM-Companion1-potato8
at-potato8-Companion1

closest_hostile_mob-Player1-None

!LOOKAT-Companion1-Zombie718423595155254078590725902231918273-Player1
looking_at-Companion1-Player1

looking_at-Companion1-Player1
!MOVETO-Companion1-Zombie718423595155254078590725902231918273-Player1
at-Companion1-Player1

END
none-None-NoneType
agents-Player1-Player
status-Player1-alive
mobs-Zombie718423595155254078590725902231918273-Zombie
status-Zombie718423595155254078590725902231918273-dead
mobs-Zombie659708955190854992586205987780009253-Zombie
status-Zombie659708955190854992586205987780009253-dead
mobs-Zombie787195625145754080593775721937095802-Zombie
status-Zombie787195625145754080593775721937095802-alive
looking_at-Player1-None
at-Player1-None
agents-Companion1-Companion
status-Companion1-alive
looking_at-Companion1-Player1
at-Companion1-Player1
items-diamond_sword1-diamond_sword
items-diamond_boots2-diamond_boots
items-diamond_leggings3-diamond_leggings
items-diamond_chestplate4-diamond_chestplate
items-diamond_helmet5-diamond_helmet
at-diamond_sword1-Companion1
at-diamond_boots2-Companion1
at-diamond_leggings3-Companion1
at-diamond_chestplate4-Companion1
at-diamond_helmet5-Companion1
equipped_item-Companion1-diamond_sword1
items-rotten_flesh6-rotten_flesh
items-rotten_flesh7-rotten_flesh
items-potato8-potato
at-rotten_flesh6-Companion1
at-rotten_flesh7-Companion1
at-potato8-Companion1
closest_hostile_mob-Player1-None